<?xml version="1.0" encoding="UTF-8"?>
<!-- Generated by org.testng.reporters.JUnitReportReporter -->
<testsuite hostname="LAPTOP-4JFS8M6D" failures="0" tests="1" name="runner.TestRunner1" time="22.799" errors="0" timestamp="2025-03-21T14:41:02 IST" skipped="0">
  <testcase classname="runner.TestRunner1" name="runScenario" time="22.799"/>
  <system-out/>
</testsuite> <!-- runner.TestRunner1 -->
