<?xml version="1.0" encoding="UTF-8"?>
<!-- Generated by org.testng.reporters.JUnitReportReporter -->
<testsuite hostname="LAPTOP-4JFS8M6D" failures="0" tests="5" name="runner.TestRunner1" time="196.480" errors="0" timestamp="2025-03-21T13:41:44 IST" skipped="0">
  <testcase classname="runner.TestRunner1" name="runScenario" time="63.870"/>
  <system-out/>
  <testcase classname="runner.TestRunner1" name="runScenario" time="35.964"/>
  <system-out/>
  <testcase classname="runner.TestRunner1" name="runScenario" time="50.305"/>
  <system-out/>
  <testcase classname="runner.TestRunner1" name="runScenario" time="18.386"/>
  <system-out/>
  <testcase classname="runner.TestRunner1" name="runScenario" time="27.955"/>
  <system-out/>
</testsuite> <!-- runner.TestRunner1 -->
