<?xml version="1.0" encoding="UTF-8"?>
<!-- Generated by org.testng.reporters.JUnitReportReporter -->
<testsuite hostname="LAPTOP-4JFS8M6D" failures="0" tests="5" name="runner.TestRunner1" time="272.963" errors="0" timestamp="2025-03-19T18:22:01 IST" skipped="0">
  <testcase classname="runner.TestRunner1" name="runScenario" time="82.287"/>
  <system-out/>
  <testcase classname="runner.TestRunner1" name="runScenario" time="17.867"/>
  <system-out/>
  <testcase classname="runner.TestRunner1" name="runScenario" time="127.266"/>
  <system-out/>
  <testcase classname="runner.TestRunner1" name="runScenario" time="12.198"/>
  <system-out/>
  <testcase classname="runner.TestRunner1" name="runScenario" time="33.345"/>
  <system-out/>
</testsuite> <!-- runner.TestRunner1 -->
