<?xml version="1.0" encoding="UTF-8"?>
<!-- Generated by org.testng.reporters.JUnitReportReporter -->
<testsuite hostname="LAPTOP-4JFS8M6D" failures="0" tests="5" name="runner.TestRunner1" time="277.443" errors="0" timestamp="2025-03-19T17:37:17 IST" skipped="0">
  <testcase classname="runner.TestRunner1" name="runScenario" time="70.798"/>
  <system-out/>
  <testcase classname="runner.TestRunner1" name="runScenario" time="44.194"/>
  <system-out/>
  <testcase classname="runner.TestRunner1" name="runScenario" time="38.942"/>
  <system-out/>
  <testcase classname="runner.TestRunner1" name="runScenario" time="68.707"/>
  <system-out/>
  <testcase classname="runner.TestRunner1" name="runScenario" time="54.802"/>
  <system-out/>
</testsuite> <!-- runner.TestRunner1 -->
